<?xml version="1.0" encoding="UTF-8"?>
<!-- Generated by org.testng.reporters.JUnitReportReporter -->
<testsuite hostname="AKSHAY-PC" failures="0" tests="1" name="config_ann_extra.ContactTest" time="0.010" errors="0" timestamp="2025-10-14T20:48:47 IST" skipped="0">
  <testcase classname="config_ann_extra.ContactTest" name="createContactTest" time="0.010"/>
</testsuite> <!-- config_ann_extra.ContactTest -->
