<?xml version="1.0" encoding="UTF-8"?>
<!-- Generated by org.testng.reporters.JUnitReportReporter -->
<testsuite hostname="AKSHAY-PC" failures="0" tests="2" name="config_ann_extra.ContactTest" time="0.023" errors="0" timestamp="2025-10-15T11:44:15 IST" skipped="0">
  <testcase classname="config_ann_extra.ContactTest" name="deleteContactTest" time="0.006"/>
  <testcase classname="config_ann_extra.ContactTest" name="createContactTest" time="0.017"/>
</testsuite> <!-- config_ann_extra.ContactTest -->
