<?xml version="1.0" encoding="UTF-8"?>
<!-- Generated by org.testng.reporters.JUnitReportReporter -->
<testsuite hostname="AKSHAY-PC" failures="0" tests="1" name="config_ann_extra.OrgTest" time="0.016" errors="0" timestamp="2025-10-15T11:44:55 IST" skipped="0">
  <testcase classname="config_ann_extra.OrgTest" name="createOppTest" time="0.016"/>
</testsuite> <!-- config_ann_extra.OrgTest -->
