<?xml version="1.0" encoding="UTF-8"?>
<!-- Generated by org.testng.reporters.JUnitReportReporter -->
<testsuite hostname="AKSHAY-PC" failures="0" tests="1" name="types_of_execution.Demo1" time="7.282" errors="0" timestamp="2025-10-14T19:59:16 IST" skipped="0">
  <testcase classname="types_of_execution.Demo1" name="case1" time="7.282"/>
</testsuite> <!-- types_of_execution.Demo1 -->
