<?xml version="1.0" encoding="UTF-8"?>
<!-- Generated by org.testng.reporters.JUnitReportReporter -->
<testsuite hostname="AKSHAY-PC" failures="0" tests="1" name="organization.CreateOrganization" time="148.646" errors="0" timestamp="2025-10-15T21:45:21 IST" skipped="0">
  <testcase classname="organization.CreateOrganization" name="createOrgTest" time="148.646"/>
</testsuite> <!-- organization.CreateOrganization -->
