<?xml version="1.0" encoding="UTF-8"?>
<!-- Generated by org.testng.reporters.JUnitReportReporter -->
<testsuite hostname="AKSHAY-PC" failures="0" tests="1" name="types_of_execution.Demo7" time="3.338" errors="0" timestamp="2025-10-14T20:47:45 IST" skipped="0">
  <testcase classname="types_of_execution.Demo7" name="case6" time="3.338"/>
</testsuite> <!-- types_of_execution.Demo7 -->
