<?xml version="1.0" encoding="UTF-8"?>
<!-- Generated by org.testng.reporters.JUnitReportReporter -->
<testsuite hostname="AKSHAY-PC" failures="0" tests="10" name="testng_extra.Demo4Test" time="0.043" errors="0" timestamp="2025-10-10T19:54:58 IST" skipped="0">
  <testcase classname="testng_extra.Demo4Test" name="create" time="0.002"/>
  <testcase classname="testng_extra.Demo4Test" name="create" time="0.023"/>
  <testcase classname="testng_extra.Demo4Test" name="create" time="0.001"/>
  <testcase classname="testng_extra.Demo4Test" name="create" time="0.002"/>
  <testcase classname="testng_extra.Demo4Test" name="create" time="0.002"/>
  <testcase classname="testng_extra.Demo4Test" name="create" time="0.002"/>
  <testcase classname="testng_extra.Demo4Test" name="create" time="0.002"/>
  <testcase classname="testng_extra.Demo4Test" name="create" time="0.003"/>
  <testcase classname="testng_extra.Demo4Test" name="create" time="0.001"/>
  <testcase classname="testng_extra.Demo4Test" name="create" time="0.005"/>
</testsuite> <!-- testng_extra.Demo4Test -->
